c:\sim worlds simulation\sim-worlds-simulation\sw simulation\game\debug\vc120.pdb
c:\sim worlds simulation\sim-worlds-simulation\sw simulation\game\debug\vc120.idb
c:\sim worlds simulation\sim-worlds-simulation\sw simulation\game\debug\vbgo.obj
c:\sim worlds simulation\sim-worlds-simulation\sw simulation\game\debug\vbcube.obj
c:\sim worlds simulation\sim-worlds-simulation\sw simulation\game\debug\tutorial01.obj
c:\sim worlds simulation\sim-worlds-simulation\sw simulation\game\debug\turret_base.obj
c:\sim worlds simulation\sim-worlds-simulation\sw simulation\game\debug\tpscamera.obj
c:\sim worlds simulation\sim-worlds-simulation\sw simulation\game\debug\terrain.obj
c:\sim worlds simulation\sim-worlds-simulation\sw simulation\game\debug\snail.obj
c:\sim worlds simulation\sim-worlds-simulation\sw simulation\game\debug\light.obj
c:\sim worlds simulation\sim-worlds-simulation\sw simulation\game\debug\gameobject2d.obj
c:\sim worlds simulation\sim-worlds-simulation\sw simulation\game\debug\gameobject.obj
c:\sim worlds simulation\sim-worlds-simulation\sw simulation\game\debug\game.obj
c:\sim worlds simulation\sim-worlds-simulation\sw simulation\game\debug\filevbgo.obj
c:\sim worlds simulation\sim-worlds-simulation\sw simulation\game\debug\cmogo.obj
c:\sim worlds simulation\sim-worlds-simulation\sw simulation\game\debug\camera.obj
c:\sim worlds simulation\sim-worlds-simulation\sw simulation\debug\game.ilk
c:\sim worlds simulation\sim-worlds-simulation\sw simulation\debug\game.exe
c:\sim worlds simulation\sim-worlds-simulation\sw simulation\debug\game.pdb
c:\sim worlds simulation\sim-worlds-simulation\sw simulation\game\debug\tutorial01.res
c:\sim worlds simulation\sim-worlds-simulation\sw simulation\game\debug\game.tlog\cl.command.1.tlog
c:\sim worlds simulation\sim-worlds-simulation\sw simulation\game\debug\game.tlog\cl.read.1.tlog
c:\sim worlds simulation\sim-worlds-simulation\sw simulation\game\debug\game.tlog\cl.write.1.tlog
c:\sim worlds simulation\sim-worlds-simulation\sw simulation\game\debug\game.tlog\link.command.1.tlog
c:\sim worlds simulation\sim-worlds-simulation\sw simulation\game\debug\game.tlog\link.read.1.tlog
c:\sim worlds simulation\sim-worlds-simulation\sw simulation\game\debug\game.tlog\link.write.1.tlog
c:\sim worlds simulation\sim-worlds-simulation\sw simulation\game\debug\game.tlog\rc.command.1.tlog
c:\sim worlds simulation\sim-worlds-simulation\sw simulation\game\debug\game.tlog\rc.read.1.tlog
c:\sim worlds simulation\sim-worlds-simulation\sw simulation\game\debug\game.tlog\rc.write.1.tlog
