Build started 27/02/2015 15:52:40.
     1>Project "C:\Sim Worlds Simulation\SW Simulation\Game\Tutorial01.vcxproj" on node 2 (Build target(s)).
     1>ClCompile:
         C:\Program Files (x86)\Microsoft Visual Studio 12.0\VC\bin\CL.exe /c /I..\Inc /I..\DXUT\Core /I..\DXUT\Optional /ZI /nologo /W4 /WX- /Od /Oi /Oy- /D WIN32 /D _DEBUG /D DEBUG /D PROFILE /D _WINDOWS /D _WIN32_WINNT=0x0600 /D _UNICODE /D UNICODE /Gm- /EHsc /RTC1 /MDd /GS /arch:SSE2 /fp:fast /Zc:wchar_t /Zc:forScope /openmp- /Fo"Debug\\" /Fd"Debug\vc120.pdb" /Gd /TP /analyze- /errorReport:prompt  game.cpp
         game.cpp
         c:\program files (x86)\windows kits\8.1\include\um\dinput.h: DIRECTINPUT_VERSION undefined. Defaulting to version 0x0800
     1>c:\sim worlds simulation\sw simulation\game\gameobject2d.h(11): warning C4099: 'GameData' : type name first seen using 'struct' now seen using 'class'
                 c:\sim worlds simulation\sw simulation\game\game.h(22) : see declaration of 'GameData'
     1>c:\sim worlds simulation\sw simulation\game\terrain.h(14): warning C4100: 'GD' : unreferenced formal parameter
     1>c:\sim worlds simulation\sw simulation\game\constantbuffer.h(23): warning C4324: 'ConstantBuffer' : structure was padded due to __declspec(align())
     1>c:\sim worlds simulation\sw simulation\game\spikedvb.h(14): warning C4018: '<' : signed/unsigned mismatch
     1>c:\sim worlds simulation\sw simulation\game\spiral.h(13): warning C4018: '<' : signed/unsigned mismatch
     1>c:\sim worlds simulation\sw simulation\game\pillow.h(15): warning C4018: '<' : signed/unsigned mismatch
     1>c:\sim worlds simulation\sw simulation\game\pillow.h(25): warning C4244: 'argument' : conversion from 'int' to 'float', possible loss of data
     1>c:\sim worlds simulation\sw simulation\game\helper.h(16): warning C4996: 'mbstowcs': This function or variable may be unsafe. Consider using mbstowcs_s instead. To disable deprecation, use _CRT_SECURE_NO_WARNINGS. See online help for details.
                 c:\program files (x86)\microsoft visual studio 12.0\vc\include\stdlib.h(528) : see declaration of 'mbstowcs'
     1>c:\sim worlds simulation\sw simulation\game\game.cpp(22): warning C4244: 'argument' : conversion from 'time_t' to 'unsigned int', possible loss of data
     1>c:\sim worlds simulation\sw simulation\game\game.cpp(88): warning C4244: 'argument' : conversion from 'int' to 'float', possible loss of data
     1>c:\sim worlds simulation\sw simulation\game\game.cpp(247): warning C4996: 'itoa': The POSIX name for this item is deprecated. Instead, use the ISO C++ conformant name: _itoa. See online help for details.
                 c:\program files (x86)\microsoft visual studio 12.0\vc\include\stdlib.h(937) : see declaration of 'itoa'
       Link:
         C:\Program Files (x86)\Microsoft Visual Studio 12.0\VC\bin\link.exe /ERRORREPORT:PROMPT /OUT:"C:\Sim Worlds Simulation\SW Simulation\Debug\Game.exe" /INCREMENTAL /NOLOGO d3d11.lib d3dcompiler.lib dxguid.lib winmm.lib comctl32.lib DirectXTK.lib kernel32.lib user32.lib gdi32.lib winspool.lib comdlg32.lib advapi32.lib shell32.lib ole32.lib oleaut32.lib uuid.lib odbc32.lib odbccp32.lib DXUT.lib DXUTOpt.lib usp10.lib dinput8.lib /MANIFEST /MANIFESTUAC:"level='asInvoker' uiAccess='false'" /manifest:embed /manifestinput:"C:\Program Files (x86)\Microsoft Visual Studio 12.0\VC\Include\Manifest\dpiaware.manifest" /DEBUG /PDB:"C:\Sim Worlds Simulation\SW Simulation\Debug\Game.pdb" /SUBSYSTEM:WINDOWS /LARGEADDRESSAWARE /TLBID:1 /DYNAMICBASE /NXCOMPAT /IMPLIB:"C:\Sim Worlds Simulation\SW Simulation\Debug\Game.lib" /MACHINE:X86 /SAFESEH  Debug\Tutorial01.res
         Debug\camera.obj
         Debug\CMOGO.obj
         Debug\fileVBGO.obj
         Debug\game.obj
         Debug\gameobject.obj
         Debug\GameObject2D.obj
         Debug\light.obj
         Debug\snail.obj
         Debug\terrain.obj
         Debug\tpscamera.obj
         Debug\turret_base.obj
         Debug\Tutorial01.obj
         Debug\VBCube.obj
         Debug\VBGO.obj
         Tutorial01.vcxproj -> C:\Sim Worlds Simulation\SW Simulation\Debug\Game.exe
     1>Done Building Project "C:\Sim Worlds Simulation\SW Simulation\Game\Tutorial01.vcxproj" (Build target(s)).

Build succeeded.

Time Elapsed 00:00:02.51
