c:\sim worlds simulation\sim-worlds-simulation\sw simulation\debug\grass.dds
c:\sim worlds simulation\sim-worlds-simulation\sw simulation\debug\white.dds
c:\sim worlds simulation\sim-worlds-simulation\sw simulation\debug\logo.dds
c:\sim worlds simulation\sim-worlds-simulation\sw simulation\debug\treasure_chest.cmo
c:\sim worlds simulation\sim-worlds-simulation\sw simulation\debug\_program files (x86)_microsoft visual studio 12.0_common7_ide_extensions_microsoft_vsgraphics_assets_effects_phong.dgsl.cso
c:\sim worlds simulation\sim-worlds-simulation\sw simulation\assets\table.fbm\jalka.png
c:\sim worlds simulation\sim-worlds-simulation\sw simulation\assets\table.fbm\poytalevy.png
c:\sim worlds simulation\sim-worlds-simulation\sw simulation\debug\table.cmo
c:\sim worlds simulation\sim-worlds-simulation\sw simulation\debug\_sim worlds simulation_sim-worlds-simulation_sw simulation_assets_table.fbm_jalka.png.dds
c:\sim worlds simulation\sim-worlds-simulation\sw simulation\debug\_sim worlds simulation_sim-worlds-simulation_sw simulation_assets_table.fbm_poytalevy.png.dds
c:\sim worlds simulation\sim-worlds-simulation\sw simulation\assets\debug\assets.tlog\imagecontenttask-vsgraphics.10192.read.1.tlog
c:\sim worlds simulation\sim-worlds-simulation\sw simulation\assets\debug\assets.tlog\imagecontenttask-vsgraphics.10192.read.2.tlog
c:\sim worlds simulation\sim-worlds-simulation\sw simulation\assets\debug\assets.tlog\imagecontenttask-vsgraphics.10192.write.1.tlog
c:\sim worlds simulation\sim-worlds-simulation\sw simulation\assets\debug\assets.tlog\imagecontenttask-vsgraphics.10192.write.2.tlog
c:\sim worlds simulation\sim-worlds-simulation\sw simulation\assets\debug\assets.tlog\imagecontenttask-vsgraphics.10216.read.1.tlog
c:\sim worlds simulation\sim-worlds-simulation\sw simulation\assets\debug\assets.tlog\imagecontenttask-vsgraphics.10216.read.2.tlog
c:\sim worlds simulation\sim-worlds-simulation\sw simulation\assets\debug\assets.tlog\imagecontenttask-vsgraphics.10216.write.1.tlog
c:\sim worlds simulation\sim-worlds-simulation\sw simulation\assets\debug\assets.tlog\imagecontenttask-vsgraphics.10216.write.2.tlog
c:\sim worlds simulation\sim-worlds-simulation\sw simulation\assets\debug\assets.tlog\imagecontenttask-vsgraphics.10324.read.1.tlog
c:\sim worlds simulation\sim-worlds-simulation\sw simulation\assets\debug\assets.tlog\imagecontenttask-vsgraphics.10324.read.2.tlog
c:\sim worlds simulation\sim-worlds-simulation\sw simulation\assets\debug\assets.tlog\imagecontenttask-vsgraphics.10324.write.1.tlog
c:\sim worlds simulation\sim-worlds-simulation\sw simulation\assets\debug\assets.tlog\imagecontenttask-vsgraphics.10324.write.2.tlog
c:\sim worlds simulation\sim-worlds-simulation\sw simulation\assets\debug\assets.tlog\imagecontenttask-vsgraphics.10576.read.1.tlog
c:\sim worlds simulation\sim-worlds-simulation\sw simulation\assets\debug\assets.tlog\imagecontenttask-vsgraphics.10576.read.2.tlog
c:\sim worlds simulation\sim-worlds-simulation\sw simulation\assets\debug\assets.tlog\imagecontenttask-vsgraphics.10576.write.1.tlog
c:\sim worlds simulation\sim-worlds-simulation\sw simulation\assets\debug\assets.tlog\imagecontenttask-vsgraphics.10576.write.2.tlog
c:\sim worlds simulation\sim-worlds-simulation\sw simulation\assets\debug\assets.tlog\imagecontenttask-vsgraphics.10752.read.1.tlog
c:\sim worlds simulation\sim-worlds-simulation\sw simulation\assets\debug\assets.tlog\imagecontenttask-vsgraphics.10752.read.2.tlog
c:\sim worlds simulation\sim-worlds-simulation\sw simulation\assets\debug\assets.tlog\imagecontenttask-vsgraphics.10752.write.1.tlog
c:\sim worlds simulation\sim-worlds-simulation\sw simulation\assets\debug\assets.tlog\imagecontenttask-vsgraphics.10752.write.2.tlog
c:\sim worlds simulation\sim-worlds-simulation\sw simulation\assets\debug\assets.tlog\imagecontenttask-vsgraphics.10872.read.1.tlog
c:\sim worlds simulation\sim-worlds-simulation\sw simulation\assets\debug\assets.tlog\imagecontenttask-vsgraphics.10872.read.2.tlog
c:\sim worlds simulation\sim-worlds-simulation\sw simulation\assets\debug\assets.tlog\imagecontenttask-vsgraphics.10872.write.1.tlog
c:\sim worlds simulation\sim-worlds-simulation\sw simulation\assets\debug\assets.tlog\imagecontenttask-vsgraphics.10872.write.2.tlog
c:\sim worlds simulation\sim-worlds-simulation\sw simulation\assets\debug\assets.tlog\imagecontenttask-vsgraphics.11504.read.1.tlog
c:\sim worlds simulation\sim-worlds-simulation\sw simulation\assets\debug\assets.tlog\imagecontenttask-vsgraphics.11504.read.2.tlog
c:\sim worlds simulation\sim-worlds-simulation\sw simulation\assets\debug\assets.tlog\imagecontenttask-vsgraphics.11504.write.1.tlog
c:\sim worlds simulation\sim-worlds-simulation\sw simulation\assets\debug\assets.tlog\imagecontenttask-vsgraphics.11504.write.2.tlog
c:\sim worlds simulation\sim-worlds-simulation\sw simulation\assets\debug\assets.tlog\imagecontenttask-vsgraphics.11576.read.1.tlog
c:\sim worlds simulation\sim-worlds-simulation\sw simulation\assets\debug\assets.tlog\imagecontenttask-vsgraphics.11576.read.2.tlog
c:\sim worlds simulation\sim-worlds-simulation\sw simulation\assets\debug\assets.tlog\imagecontenttask-vsgraphics.11576.write.1.tlog
c:\sim worlds simulation\sim-worlds-simulation\sw simulation\assets\debug\assets.tlog\imagecontenttask-vsgraphics.11576.write.2.tlog
c:\sim worlds simulation\sim-worlds-simulation\sw simulation\assets\debug\assets.tlog\imagecontenttask-vsgraphics.11632.read.1.tlog
c:\sim worlds simulation\sim-worlds-simulation\sw simulation\assets\debug\assets.tlog\imagecontenttask-vsgraphics.11632.read.2.tlog
c:\sim worlds simulation\sim-worlds-simulation\sw simulation\assets\debug\assets.tlog\imagecontenttask-vsgraphics.11632.write.1.tlog
c:\sim worlds simulation\sim-worlds-simulation\sw simulation\assets\debug\assets.tlog\imagecontenttask-vsgraphics.11632.write.2.tlog
c:\sim worlds simulation\sim-worlds-simulation\sw simulation\assets\debug\assets.tlog\imagecontenttask-vsgraphics.11672.read.1.tlog
c:\sim worlds simulation\sim-worlds-simulation\sw simulation\assets\debug\assets.tlog\imagecontenttask-vsgraphics.11672.read.2.tlog
c:\sim worlds simulation\sim-worlds-simulation\sw simulation\assets\debug\assets.tlog\imagecontenttask-vsgraphics.11672.write.1.tlog
c:\sim worlds simulation\sim-worlds-simulation\sw simulation\assets\debug\assets.tlog\imagecontenttask-vsgraphics.11672.write.2.tlog
c:\sim worlds simulation\sim-worlds-simulation\sw simulation\assets\debug\assets.tlog\imagecontenttask-vsgraphics.12128.read.1.tlog
c:\sim worlds simulation\sim-worlds-simulation\sw simulation\assets\debug\assets.tlog\imagecontenttask-vsgraphics.12128.read.2.tlog
c:\sim worlds simulation\sim-worlds-simulation\sw simulation\assets\debug\assets.tlog\imagecontenttask-vsgraphics.12128.write.1.tlog
c:\sim worlds simulation\sim-worlds-simulation\sw simulation\assets\debug\assets.tlog\imagecontenttask-vsgraphics.12128.write.2.tlog
c:\sim worlds simulation\sim-worlds-simulation\sw simulation\assets\debug\assets.tlog\imagecontenttask-vsgraphics.12656.read.1.tlog
c:\sim worlds simulation\sim-worlds-simulation\sw simulation\assets\debug\assets.tlog\imagecontenttask-vsgraphics.12656.read.2.tlog
c:\sim worlds simulation\sim-worlds-simulation\sw simulation\assets\debug\assets.tlog\imagecontenttask-vsgraphics.12656.write.1.tlog
c:\sim worlds simulation\sim-worlds-simulation\sw simulation\assets\debug\assets.tlog\imagecontenttask-vsgraphics.12656.write.2.tlog
c:\sim worlds simulation\sim-worlds-simulation\sw simulation\assets\debug\assets.tlog\imagecontenttask-vsgraphics.12860.read.1.tlog
c:\sim worlds simulation\sim-worlds-simulation\sw simulation\assets\debug\assets.tlog\imagecontenttask-vsgraphics.12860.read.2.tlog
c:\sim worlds simulation\sim-worlds-simulation\sw simulation\assets\debug\assets.tlog\imagecontenttask-vsgraphics.12860.write.1.tlog
c:\sim worlds simulation\sim-worlds-simulation\sw simulation\assets\debug\assets.tlog\imagecontenttask-vsgraphics.12860.write.2.tlog
c:\sim worlds simulation\sim-worlds-simulation\sw simulation\assets\debug\assets.tlog\imagecontenttask-vsgraphics.14108.read.1.tlog
c:\sim worlds simulation\sim-worlds-simulation\sw simulation\assets\debug\assets.tlog\imagecontenttask-vsgraphics.14108.read.2.tlog
c:\sim worlds simulation\sim-worlds-simulation\sw simulation\assets\debug\assets.tlog\imagecontenttask-vsgraphics.14108.write.1.tlog
c:\sim worlds simulation\sim-worlds-simulation\sw simulation\assets\debug\assets.tlog\imagecontenttask-vsgraphics.14108.write.2.tlog
c:\sim worlds simulation\sim-worlds-simulation\sw simulation\assets\debug\assets.tlog\imagecontenttask-vsgraphics.14872.read.1.tlog
c:\sim worlds simulation\sim-worlds-simulation\sw simulation\assets\debug\assets.tlog\imagecontenttask-vsgraphics.14872.read.2.tlog
c:\sim worlds simulation\sim-worlds-simulation\sw simulation\assets\debug\assets.tlog\imagecontenttask-vsgraphics.14872.write.1.tlog
c:\sim worlds simulation\sim-worlds-simulation\sw simulation\assets\debug\assets.tlog\imagecontenttask-vsgraphics.14872.write.2.tlog
c:\sim worlds simulation\sim-worlds-simulation\sw simulation\assets\debug\assets.tlog\imagecontenttask-vsgraphics.15176.read.1.tlog
c:\sim worlds simulation\sim-worlds-simulation\sw simulation\assets\debug\assets.tlog\imagecontenttask-vsgraphics.15176.read.2.tlog
c:\sim worlds simulation\sim-worlds-simulation\sw simulation\assets\debug\assets.tlog\imagecontenttask-vsgraphics.15176.write.1.tlog
c:\sim worlds simulation\sim-worlds-simulation\sw simulation\assets\debug\assets.tlog\imagecontenttask-vsgraphics.15176.write.2.tlog
c:\sim worlds simulation\sim-worlds-simulation\sw simulation\assets\debug\assets.tlog\imagecontenttask-vsgraphics.168.read.1.tlog
c:\sim worlds simulation\sim-worlds-simulation\sw simulation\assets\debug\assets.tlog\imagecontenttask-vsgraphics.168.read.2.tlog
c:\sim worlds simulation\sim-worlds-simulation\sw simulation\assets\debug\assets.tlog\imagecontenttask-vsgraphics.168.write.1.tlog
c:\sim worlds simulation\sim-worlds-simulation\sw simulation\assets\debug\assets.tlog\imagecontenttask-vsgraphics.168.write.2.tlog
c:\sim worlds simulation\sim-worlds-simulation\sw simulation\assets\debug\assets.tlog\imagecontenttask-vsgraphics.17268.read.1.tlog
c:\sim worlds simulation\sim-worlds-simulation\sw simulation\assets\debug\assets.tlog\imagecontenttask-vsgraphics.17268.read.2.tlog
c:\sim worlds simulation\sim-worlds-simulation\sw simulation\assets\debug\assets.tlog\imagecontenttask-vsgraphics.17268.write.1.tlog
c:\sim worlds simulation\sim-worlds-simulation\sw simulation\assets\debug\assets.tlog\imagecontenttask-vsgraphics.17268.write.2.tlog
c:\sim worlds simulation\sim-worlds-simulation\sw simulation\assets\debug\assets.tlog\imagecontenttask-vsgraphics.17480.read.1.tlog
c:\sim worlds simulation\sim-worlds-simulation\sw simulation\assets\debug\assets.tlog\imagecontenttask-vsgraphics.17480.read.2.tlog
c:\sim worlds simulation\sim-worlds-simulation\sw simulation\assets\debug\assets.tlog\imagecontenttask-vsgraphics.17480.write.1.tlog
c:\sim worlds simulation\sim-worlds-simulation\sw simulation\assets\debug\assets.tlog\imagecontenttask-vsgraphics.17480.write.2.tlog
c:\sim worlds simulation\sim-worlds-simulation\sw simulation\assets\debug\assets.tlog\imagecontenttask-vsgraphics.17576.read.1.tlog
c:\sim worlds simulation\sim-worlds-simulation\sw simulation\assets\debug\assets.tlog\imagecontenttask-vsgraphics.17576.write.1.tlog
c:\sim worlds simulation\sim-worlds-simulation\sw simulation\assets\debug\assets.tlog\imagecontenttask-vsgraphics.18148.read.1.tlog
c:\sim worlds simulation\sim-worlds-simulation\sw simulation\assets\debug\assets.tlog\imagecontenttask-vsgraphics.18148.write.1.tlog
c:\sim worlds simulation\sim-worlds-simulation\sw simulation\assets\debug\assets.tlog\imagecontenttask-vsgraphics.18816.read.1.tlog
c:\sim worlds simulation\sim-worlds-simulation\sw simulation\assets\debug\assets.tlog\imagecontenttask-vsgraphics.18816.read.2.tlog
c:\sim worlds simulation\sim-worlds-simulation\sw simulation\assets\debug\assets.tlog\imagecontenttask-vsgraphics.18816.write.1.tlog
c:\sim worlds simulation\sim-worlds-simulation\sw simulation\assets\debug\assets.tlog\imagecontenttask-vsgraphics.18816.write.2.tlog
c:\sim worlds simulation\sim-worlds-simulation\sw simulation\assets\debug\assets.tlog\imagecontenttask-vsgraphics.18992.read.1.tlog
c:\sim worlds simulation\sim-worlds-simulation\sw simulation\assets\debug\assets.tlog\imagecontenttask-vsgraphics.18992.read.2.tlog
c:\sim worlds simulation\sim-worlds-simulation\sw simulation\assets\debug\assets.tlog\imagecontenttask-vsgraphics.18992.write.1.tlog
c:\sim worlds simulation\sim-worlds-simulation\sw simulation\assets\debug\assets.tlog\imagecontenttask-vsgraphics.18992.write.2.tlog
c:\sim worlds simulation\sim-worlds-simulation\sw simulation\assets\debug\assets.tlog\imagecontenttask-vsgraphics.19384.read.1.tlog
c:\sim worlds simulation\sim-worlds-simulation\sw simulation\assets\debug\assets.tlog\imagecontenttask-vsgraphics.19384.read.2.tlog
c:\sim worlds simulation\sim-worlds-simulation\sw simulation\assets\debug\assets.tlog\imagecontenttask-vsgraphics.19384.write.1.tlog
c:\sim worlds simulation\sim-worlds-simulation\sw simulation\assets\debug\assets.tlog\imagecontenttask-vsgraphics.19384.write.2.tlog
c:\sim worlds simulation\sim-worlds-simulation\sw simulation\assets\debug\assets.tlog\imagecontenttask-vsgraphics.20124.read.1.tlog
c:\sim worlds simulation\sim-worlds-simulation\sw simulation\assets\debug\assets.tlog\imagecontenttask-vsgraphics.20124.read.2.tlog
c:\sim worlds simulation\sim-worlds-simulation\sw simulation\assets\debug\assets.tlog\imagecontenttask-vsgraphics.20124.write.1.tlog
c:\sim worlds simulation\sim-worlds-simulation\sw simulation\assets\debug\assets.tlog\imagecontenttask-vsgraphics.20124.write.2.tlog
c:\sim worlds simulation\sim-worlds-simulation\sw simulation\assets\debug\assets.tlog\imagecontenttask-vsgraphics.20468.read.1.tlog
c:\sim worlds simulation\sim-worlds-simulation\sw simulation\assets\debug\assets.tlog\imagecontenttask-vsgraphics.20468.write.1.tlog
c:\sim worlds simulation\sim-worlds-simulation\sw simulation\assets\debug\assets.tlog\imagecontenttask-vsgraphics.20516.read.1.tlog
c:\sim worlds simulation\sim-worlds-simulation\sw simulation\assets\debug\assets.tlog\imagecontenttask-vsgraphics.20516.read.2.tlog
c:\sim worlds simulation\sim-worlds-simulation\sw simulation\assets\debug\assets.tlog\imagecontenttask-vsgraphics.20516.write.1.tlog
c:\sim worlds simulation\sim-worlds-simulation\sw simulation\assets\debug\assets.tlog\imagecontenttask-vsgraphics.20516.write.2.tlog
c:\sim worlds simulation\sim-worlds-simulation\sw simulation\assets\debug\assets.tlog\imagecontenttask-vsgraphics.21040.read.1.tlog
c:\sim worlds simulation\sim-worlds-simulation\sw simulation\assets\debug\assets.tlog\imagecontenttask-vsgraphics.21040.read.2.tlog
c:\sim worlds simulation\sim-worlds-simulation\sw simulation\assets\debug\assets.tlog\imagecontenttask-vsgraphics.21040.write.1.tlog
c:\sim worlds simulation\sim-worlds-simulation\sw simulation\assets\debug\assets.tlog\imagecontenttask-vsgraphics.21040.write.2.tlog
c:\sim worlds simulation\sim-worlds-simulation\sw simulation\assets\debug\assets.tlog\imagecontenttask-vsgraphics.2292.read.1.tlog
c:\sim worlds simulation\sim-worlds-simulation\sw simulation\assets\debug\assets.tlog\imagecontenttask-vsgraphics.2292.read.2.tlog
c:\sim worlds simulation\sim-worlds-simulation\sw simulation\assets\debug\assets.tlog\imagecontenttask-vsgraphics.2292.write.1.tlog
c:\sim worlds simulation\sim-worlds-simulation\sw simulation\assets\debug\assets.tlog\imagecontenttask-vsgraphics.2292.write.2.tlog
c:\sim worlds simulation\sim-worlds-simulation\sw simulation\assets\debug\assets.tlog\imagecontenttask-vsgraphics.23256.read.1.tlog
c:\sim worlds simulation\sim-worlds-simulation\sw simulation\assets\debug\assets.tlog\imagecontenttask-vsgraphics.23256.read.2.tlog
c:\sim worlds simulation\sim-worlds-simulation\sw simulation\assets\debug\assets.tlog\imagecontenttask-vsgraphics.23256.write.1.tlog
c:\sim worlds simulation\sim-worlds-simulation\sw simulation\assets\debug\assets.tlog\imagecontenttask-vsgraphics.23256.write.2.tlog
c:\sim worlds simulation\sim-worlds-simulation\sw simulation\assets\debug\assets.tlog\imagecontenttask-vsgraphics.23380.read.1.tlog
c:\sim worlds simulation\sim-worlds-simulation\sw simulation\assets\debug\assets.tlog\imagecontenttask-vsgraphics.23380.write.1.tlog
c:\sim worlds simulation\sim-worlds-simulation\sw simulation\assets\debug\assets.tlog\imagecontenttask-vsgraphics.2436.read.1.tlog
c:\sim worlds simulation\sim-worlds-simulation\sw simulation\assets\debug\assets.tlog\imagecontenttask-vsgraphics.2436.read.2.tlog
c:\sim worlds simulation\sim-worlds-simulation\sw simulation\assets\debug\assets.tlog\imagecontenttask-vsgraphics.2436.write.1.tlog
c:\sim worlds simulation\sim-worlds-simulation\sw simulation\assets\debug\assets.tlog\imagecontenttask-vsgraphics.2436.write.2.tlog
c:\sim worlds simulation\sim-worlds-simulation\sw simulation\assets\debug\assets.tlog\imagecontenttask-vsgraphics.24716.read.1.tlog
c:\sim worlds simulation\sim-worlds-simulation\sw simulation\assets\debug\assets.tlog\imagecontenttask-vsgraphics.24716.read.2.tlog
c:\sim worlds simulation\sim-worlds-simulation\sw simulation\assets\debug\assets.tlog\imagecontenttask-vsgraphics.24716.write.1.tlog
c:\sim worlds simulation\sim-worlds-simulation\sw simulation\assets\debug\assets.tlog\imagecontenttask-vsgraphics.24716.write.2.tlog
c:\sim worlds simulation\sim-worlds-simulation\sw simulation\assets\debug\assets.tlog\imagecontenttask-vsgraphics.25216.read.1.tlog
c:\sim worlds simulation\sim-worlds-simulation\sw simulation\assets\debug\assets.tlog\imagecontenttask-vsgraphics.25216.read.2.tlog
c:\sim worlds simulation\sim-worlds-simulation\sw simulation\assets\debug\assets.tlog\imagecontenttask-vsgraphics.25216.write.1.tlog
c:\sim worlds simulation\sim-worlds-simulation\sw simulation\assets\debug\assets.tlog\imagecontenttask-vsgraphics.25216.write.2.tlog
c:\sim worlds simulation\sim-worlds-simulation\sw simulation\assets\debug\assets.tlog\imagecontenttask-vsgraphics.25312.read.1.tlog
c:\sim worlds simulation\sim-worlds-simulation\sw simulation\assets\debug\assets.tlog\imagecontenttask-vsgraphics.25312.read.2.tlog
c:\sim worlds simulation\sim-worlds-simulation\sw simulation\assets\debug\assets.tlog\imagecontenttask-vsgraphics.25312.write.1.tlog
c:\sim worlds simulation\sim-worlds-simulation\sw simulation\assets\debug\assets.tlog\imagecontenttask-vsgraphics.25312.write.2.tlog
c:\sim worlds simulation\sim-worlds-simulation\sw simulation\assets\debug\assets.tlog\imagecontenttask-vsgraphics.26860.read.1.tlog
c:\sim worlds simulation\sim-worlds-simulation\sw simulation\assets\debug\assets.tlog\imagecontenttask-vsgraphics.26860.read.2.tlog
c:\sim worlds simulation\sim-worlds-simulation\sw simulation\assets\debug\assets.tlog\imagecontenttask-vsgraphics.26860.write.1.tlog
c:\sim worlds simulation\sim-worlds-simulation\sw simulation\assets\debug\assets.tlog\imagecontenttask-vsgraphics.26860.write.2.tlog
c:\sim worlds simulation\sim-worlds-simulation\sw simulation\assets\debug\assets.tlog\imagecontenttask-vsgraphics.26968.read.1.tlog
c:\sim worlds simulation\sim-worlds-simulation\sw simulation\assets\debug\assets.tlog\imagecontenttask-vsgraphics.26968.read.2.tlog
c:\sim worlds simulation\sim-worlds-simulation\sw simulation\assets\debug\assets.tlog\imagecontenttask-vsgraphics.26968.write.1.tlog
c:\sim worlds simulation\sim-worlds-simulation\sw simulation\assets\debug\assets.tlog\imagecontenttask-vsgraphics.26968.write.2.tlog
c:\sim worlds simulation\sim-worlds-simulation\sw simulation\assets\debug\assets.tlog\imagecontenttask-vsgraphics.27548.read.1.tlog
c:\sim worlds simulation\sim-worlds-simulation\sw simulation\assets\debug\assets.tlog\imagecontenttask-vsgraphics.27548.read.2.tlog
c:\sim worlds simulation\sim-worlds-simulation\sw simulation\assets\debug\assets.tlog\imagecontenttask-vsgraphics.27548.write.1.tlog
c:\sim worlds simulation\sim-worlds-simulation\sw simulation\assets\debug\assets.tlog\imagecontenttask-vsgraphics.27548.write.2.tlog
c:\sim worlds simulation\sim-worlds-simulation\sw simulation\assets\debug\assets.tlog\imagecontenttask-vsgraphics.28016.read.1.tlog
c:\sim worlds simulation\sim-worlds-simulation\sw simulation\assets\debug\assets.tlog\imagecontenttask-vsgraphics.28016.read.2.tlog
c:\sim worlds simulation\sim-worlds-simulation\sw simulation\assets\debug\assets.tlog\imagecontenttask-vsgraphics.28016.write.1.tlog
c:\sim worlds simulation\sim-worlds-simulation\sw simulation\assets\debug\assets.tlog\imagecontenttask-vsgraphics.28016.write.2.tlog
c:\sim worlds simulation\sim-worlds-simulation\sw simulation\assets\debug\assets.tlog\imagecontenttask-vsgraphics.29780.read.1.tlog
c:\sim worlds simulation\sim-worlds-simulation\sw simulation\assets\debug\assets.tlog\imagecontenttask-vsgraphics.29780.read.2.tlog
c:\sim worlds simulation\sim-worlds-simulation\sw simulation\assets\debug\assets.tlog\imagecontenttask-vsgraphics.29780.write.1.tlog
c:\sim worlds simulation\sim-worlds-simulation\sw simulation\assets\debug\assets.tlog\imagecontenttask-vsgraphics.29780.write.2.tlog
c:\sim worlds simulation\sim-worlds-simulation\sw simulation\assets\debug\assets.tlog\imagecontenttask-vsgraphics.30260.read.1.tlog
c:\sim worlds simulation\sim-worlds-simulation\sw simulation\assets\debug\assets.tlog\imagecontenttask-vsgraphics.30260.read.2.tlog
c:\sim worlds simulation\sim-worlds-simulation\sw simulation\assets\debug\assets.tlog\imagecontenttask-vsgraphics.30260.write.1.tlog
c:\sim worlds simulation\sim-worlds-simulation\sw simulation\assets\debug\assets.tlog\imagecontenttask-vsgraphics.30260.write.2.tlog
c:\sim worlds simulation\sim-worlds-simulation\sw simulation\assets\debug\assets.tlog\imagecontenttask-vsgraphics.31160.read.1.tlog
c:\sim worlds simulation\sim-worlds-simulation\sw simulation\assets\debug\assets.tlog\imagecontenttask-vsgraphics.31160.read.2.tlog
c:\sim worlds simulation\sim-worlds-simulation\sw simulation\assets\debug\assets.tlog\imagecontenttask-vsgraphics.31160.write.1.tlog
c:\sim worlds simulation\sim-worlds-simulation\sw simulation\assets\debug\assets.tlog\imagecontenttask-vsgraphics.31160.write.2.tlog
c:\sim worlds simulation\sim-worlds-simulation\sw simulation\assets\debug\assets.tlog\imagecontenttask-vsgraphics.31240.read.1.tlog
c:\sim worlds simulation\sim-worlds-simulation\sw simulation\assets\debug\assets.tlog\imagecontenttask-vsgraphics.31240.read.2.tlog
c:\sim worlds simulation\sim-worlds-simulation\sw simulation\assets\debug\assets.tlog\imagecontenttask-vsgraphics.31240.write.1.tlog
c:\sim worlds simulation\sim-worlds-simulation\sw simulation\assets\debug\assets.tlog\imagecontenttask-vsgraphics.31240.write.2.tlog
c:\sim worlds simulation\sim-worlds-simulation\sw simulation\assets\debug\assets.tlog\imagecontenttask-vsgraphics.31736.read.1.tlog
c:\sim worlds simulation\sim-worlds-simulation\sw simulation\assets\debug\assets.tlog\imagecontenttask-vsgraphics.31736.read.2.tlog
c:\sim worlds simulation\sim-worlds-simulation\sw simulation\assets\debug\assets.tlog\imagecontenttask-vsgraphics.31736.write.1.tlog
c:\sim worlds simulation\sim-worlds-simulation\sw simulation\assets\debug\assets.tlog\imagecontenttask-vsgraphics.31736.write.2.tlog
c:\sim worlds simulation\sim-worlds-simulation\sw simulation\assets\debug\assets.tlog\imagecontenttask-vsgraphics.32296.read.1.tlog
c:\sim worlds simulation\sim-worlds-simulation\sw simulation\assets\debug\assets.tlog\imagecontenttask-vsgraphics.32296.read.2.tlog
c:\sim worlds simulation\sim-worlds-simulation\sw simulation\assets\debug\assets.tlog\imagecontenttask-vsgraphics.32296.write.1.tlog
c:\sim worlds simulation\sim-worlds-simulation\sw simulation\assets\debug\assets.tlog\imagecontenttask-vsgraphics.32296.write.2.tlog
c:\sim worlds simulation\sim-worlds-simulation\sw simulation\assets\debug\assets.tlog\imagecontenttask-vsgraphics.32856.read.1.tlog
c:\sim worlds simulation\sim-worlds-simulation\sw simulation\assets\debug\assets.tlog\imagecontenttask-vsgraphics.32856.read.2.tlog
c:\sim worlds simulation\sim-worlds-simulation\sw simulation\assets\debug\assets.tlog\imagecontenttask-vsgraphics.32856.write.1.tlog
c:\sim worlds simulation\sim-worlds-simulation\sw simulation\assets\debug\assets.tlog\imagecontenttask-vsgraphics.32856.write.2.tlog
c:\sim worlds simulation\sim-worlds-simulation\sw simulation\assets\debug\assets.tlog\imagecontenttask-vsgraphics.3320.read.1.tlog
c:\sim worlds simulation\sim-worlds-simulation\sw simulation\assets\debug\assets.tlog\imagecontenttask-vsgraphics.3320.read.2.tlog
c:\sim worlds simulation\sim-worlds-simulation\sw simulation\assets\debug\assets.tlog\imagecontenttask-vsgraphics.3320.write.1.tlog
c:\sim worlds simulation\sim-worlds-simulation\sw simulation\assets\debug\assets.tlog\imagecontenttask-vsgraphics.3320.write.2.tlog
c:\sim worlds simulation\sim-worlds-simulation\sw simulation\assets\debug\assets.tlog\imagecontenttask-vsgraphics.33532.read.1.tlog
c:\sim worlds simulation\sim-worlds-simulation\sw simulation\assets\debug\assets.tlog\imagecontenttask-vsgraphics.33532.read.2.tlog
c:\sim worlds simulation\sim-worlds-simulation\sw simulation\assets\debug\assets.tlog\imagecontenttask-vsgraphics.33532.write.1.tlog
c:\sim worlds simulation\sim-worlds-simulation\sw simulation\assets\debug\assets.tlog\imagecontenttask-vsgraphics.33532.write.2.tlog
c:\sim worlds simulation\sim-worlds-simulation\sw simulation\assets\debug\assets.tlog\imagecontenttask-vsgraphics.4372.read.1.tlog
c:\sim worlds simulation\sim-worlds-simulation\sw simulation\assets\debug\assets.tlog\imagecontenttask-vsgraphics.4372.read.2.tlog
c:\sim worlds simulation\sim-worlds-simulation\sw simulation\assets\debug\assets.tlog\imagecontenttask-vsgraphics.4372.write.1.tlog
c:\sim worlds simulation\sim-worlds-simulation\sw simulation\assets\debug\assets.tlog\imagecontenttask-vsgraphics.4372.write.2.tlog
c:\sim worlds simulation\sim-worlds-simulation\sw simulation\assets\debug\assets.tlog\imagecontenttask-vsgraphics.4652.read.1.tlog
c:\sim worlds simulation\sim-worlds-simulation\sw simulation\assets\debug\assets.tlog\imagecontenttask-vsgraphics.4652.read.2.tlog
c:\sim worlds simulation\sim-worlds-simulation\sw simulation\assets\debug\assets.tlog\imagecontenttask-vsgraphics.4652.write.1.tlog
c:\sim worlds simulation\sim-worlds-simulation\sw simulation\assets\debug\assets.tlog\imagecontenttask-vsgraphics.4652.write.2.tlog
c:\sim worlds simulation\sim-worlds-simulation\sw simulation\assets\debug\assets.tlog\imagecontenttask-vsgraphics.4728.read.1.tlog
c:\sim worlds simulation\sim-worlds-simulation\sw simulation\assets\debug\assets.tlog\imagecontenttask-vsgraphics.4728.read.2.tlog
c:\sim worlds simulation\sim-worlds-simulation\sw simulation\assets\debug\assets.tlog\imagecontenttask-vsgraphics.4728.write.1.tlog
c:\sim worlds simulation\sim-worlds-simulation\sw simulation\assets\debug\assets.tlog\imagecontenttask-vsgraphics.4728.write.2.tlog
c:\sim worlds simulation\sim-worlds-simulation\sw simulation\assets\debug\assets.tlog\imagecontenttask-vsgraphics.5300.read.1.tlog
c:\sim worlds simulation\sim-worlds-simulation\sw simulation\assets\debug\assets.tlog\imagecontenttask-vsgraphics.5300.read.2.tlog
c:\sim worlds simulation\sim-worlds-simulation\sw simulation\assets\debug\assets.tlog\imagecontenttask-vsgraphics.5300.write.1.tlog
c:\sim worlds simulation\sim-worlds-simulation\sw simulation\assets\debug\assets.tlog\imagecontenttask-vsgraphics.5300.write.2.tlog
c:\sim worlds simulation\sim-worlds-simulation\sw simulation\assets\debug\assets.tlog\imagecontenttask-vsgraphics.5896.read.1.tlog
c:\sim worlds simulation\sim-worlds-simulation\sw simulation\assets\debug\assets.tlog\imagecontenttask-vsgraphics.5896.read.2.tlog
c:\sim worlds simulation\sim-worlds-simulation\sw simulation\assets\debug\assets.tlog\imagecontenttask-vsgraphics.5896.write.1.tlog
c:\sim worlds simulation\sim-worlds-simulation\sw simulation\assets\debug\assets.tlog\imagecontenttask-vsgraphics.5896.write.2.tlog
c:\sim worlds simulation\sim-worlds-simulation\sw simulation\assets\debug\assets.tlog\imagecontenttask-vsgraphics.5900.read.1.tlog
c:\sim worlds simulation\sim-worlds-simulation\sw simulation\assets\debug\assets.tlog\imagecontenttask-vsgraphics.5900.read.2.tlog
c:\sim worlds simulation\sim-worlds-simulation\sw simulation\assets\debug\assets.tlog\imagecontenttask-vsgraphics.5900.write.1.tlog
c:\sim worlds simulation\sim-worlds-simulation\sw simulation\assets\debug\assets.tlog\imagecontenttask-vsgraphics.5900.write.2.tlog
c:\sim worlds simulation\sim-worlds-simulation\sw simulation\assets\debug\assets.tlog\imagecontenttask-vsgraphics.5992.read.1.tlog
c:\sim worlds simulation\sim-worlds-simulation\sw simulation\assets\debug\assets.tlog\imagecontenttask-vsgraphics.5992.read.2.tlog
c:\sim worlds simulation\sim-worlds-simulation\sw simulation\assets\debug\assets.tlog\imagecontenttask-vsgraphics.5992.write.1.tlog
c:\sim worlds simulation\sim-worlds-simulation\sw simulation\assets\debug\assets.tlog\imagecontenttask-vsgraphics.5992.write.2.tlog
c:\sim worlds simulation\sim-worlds-simulation\sw simulation\assets\debug\assets.tlog\imagecontenttask-vsgraphics.6456.read.1.tlog
c:\sim worlds simulation\sim-worlds-simulation\sw simulation\assets\debug\assets.tlog\imagecontenttask-vsgraphics.6456.read.2.tlog
c:\sim worlds simulation\sim-worlds-simulation\sw simulation\assets\debug\assets.tlog\imagecontenttask-vsgraphics.6456.write.1.tlog
c:\sim worlds simulation\sim-worlds-simulation\sw simulation\assets\debug\assets.tlog\imagecontenttask-vsgraphics.6456.write.2.tlog
c:\sim worlds simulation\sim-worlds-simulation\sw simulation\assets\debug\assets.tlog\imagecontenttask-vsgraphics.6504.read.1.tlog
c:\sim worlds simulation\sim-worlds-simulation\sw simulation\assets\debug\assets.tlog\imagecontenttask-vsgraphics.6504.write.1.tlog
c:\sim worlds simulation\sim-worlds-simulation\sw simulation\assets\debug\assets.tlog\imagecontenttask-vsgraphics.6572.read.1.tlog
c:\sim worlds simulation\sim-worlds-simulation\sw simulation\assets\debug\assets.tlog\imagecontenttask-vsgraphics.6572.read.2.tlog
c:\sim worlds simulation\sim-worlds-simulation\sw simulation\assets\debug\assets.tlog\imagecontenttask-vsgraphics.6572.write.1.tlog
c:\sim worlds simulation\sim-worlds-simulation\sw simulation\assets\debug\assets.tlog\imagecontenttask-vsgraphics.6572.write.2.tlog
c:\sim worlds simulation\sim-worlds-simulation\sw simulation\assets\debug\assets.tlog\imagecontenttask-vsgraphics.8216.read.1.tlog
c:\sim worlds simulation\sim-worlds-simulation\sw simulation\assets\debug\assets.tlog\imagecontenttask-vsgraphics.8216.read.2.tlog
c:\sim worlds simulation\sim-worlds-simulation\sw simulation\assets\debug\assets.tlog\imagecontenttask-vsgraphics.8216.write.1.tlog
c:\sim worlds simulation\sim-worlds-simulation\sw simulation\assets\debug\assets.tlog\imagecontenttask-vsgraphics.8216.write.2.tlog
c:\sim worlds simulation\sim-worlds-simulation\sw simulation\assets\debug\assets.tlog\imagecontenttask-vsgraphics.8424.read.1.tlog
c:\sim worlds simulation\sim-worlds-simulation\sw simulation\assets\debug\assets.tlog\imagecontenttask-vsgraphics.8424.read.2.tlog
c:\sim worlds simulation\sim-worlds-simulation\sw simulation\assets\debug\assets.tlog\imagecontenttask-vsgraphics.8424.write.1.tlog
c:\sim worlds simulation\sim-worlds-simulation\sw simulation\assets\debug\assets.tlog\imagecontenttask-vsgraphics.8424.write.2.tlog
c:\sim worlds simulation\sim-worlds-simulation\sw simulation\assets\debug\assets.tlog\imagecontenttask-vsgraphics.8428.read.1.tlog
c:\sim worlds simulation\sim-worlds-simulation\sw simulation\assets\debug\assets.tlog\imagecontenttask-vsgraphics.8428.read.2.tlog
c:\sim worlds simulation\sim-worlds-simulation\sw simulation\assets\debug\assets.tlog\imagecontenttask-vsgraphics.8428.write.1.tlog
c:\sim worlds simulation\sim-worlds-simulation\sw simulation\assets\debug\assets.tlog\imagecontenttask-vsgraphics.8428.write.2.tlog
c:\sim worlds simulation\sim-worlds-simulation\sw simulation\assets\debug\assets.tlog\imagecontenttask-vsgraphics.8768.read.1.tlog
c:\sim worlds simulation\sim-worlds-simulation\sw simulation\assets\debug\assets.tlog\imagecontenttask-vsgraphics.8768.read.2.tlog
c:\sim worlds simulation\sim-worlds-simulation\sw simulation\assets\debug\assets.tlog\imagecontenttask-vsgraphics.8768.write.1.tlog
c:\sim worlds simulation\sim-worlds-simulation\sw simulation\assets\debug\assets.tlog\imagecontenttask-vsgraphics.8768.write.2.tlog
c:\sim worlds simulation\sim-worlds-simulation\sw simulation\assets\debug\assets.tlog\imagecontenttask-vsgraphics.9140.read.1.tlog
c:\sim worlds simulation\sim-worlds-simulation\sw simulation\assets\debug\assets.tlog\imagecontenttask-vsgraphics.9140.read.2.tlog
c:\sim worlds simulation\sim-worlds-simulation\sw simulation\assets\debug\assets.tlog\imagecontenttask-vsgraphics.9140.write.1.tlog
c:\sim worlds simulation\sim-worlds-simulation\sw simulation\assets\debug\assets.tlog\imagecontenttask-vsgraphics.9140.write.2.tlog
c:\sim worlds simulation\sim-worlds-simulation\sw simulation\assets\debug\assets.tlog\imagecontenttask-vsgraphics.9168.read.1.tlog
c:\sim worlds simulation\sim-worlds-simulation\sw simulation\assets\debug\assets.tlog\imagecontenttask-vsgraphics.9168.read.2.tlog
c:\sim worlds simulation\sim-worlds-simulation\sw simulation\assets\debug\assets.tlog\imagecontenttask-vsgraphics.9168.write.1.tlog
c:\sim worlds simulation\sim-worlds-simulation\sw simulation\assets\debug\assets.tlog\imagecontenttask-vsgraphics.9168.write.2.tlog
c:\sim worlds simulation\sim-worlds-simulation\sw simulation\assets\debug\assets.tlog\imagecontenttask-vsgraphics.9820.read.1.tlog
c:\sim worlds simulation\sim-worlds-simulation\sw simulation\assets\debug\assets.tlog\imagecontenttask-vsgraphics.9820.read.2.tlog
c:\sim worlds simulation\sim-worlds-simulation\sw simulation\assets\debug\assets.tlog\imagecontenttask-vsgraphics.9820.write.1.tlog
c:\sim worlds simulation\sim-worlds-simulation\sw simulation\assets\debug\assets.tlog\imagecontenttask-vsgraphics.9820.write.2.tlog
c:\sim worlds simulation\sim-worlds-simulation\sw simulation\assets\debug\assets.tlog\imagecontenttask-vsgraphics.9880.read.1.tlog
c:\sim worlds simulation\sim-worlds-simulation\sw simulation\assets\debug\assets.tlog\imagecontenttask-vsgraphics.9880.read.2.tlog
c:\sim worlds simulation\sim-worlds-simulation\sw simulation\assets\debug\assets.tlog\imagecontenttask-vsgraphics.9880.write.1.tlog
c:\sim worlds simulation\sim-worlds-simulation\sw simulation\assets\debug\assets.tlog\imagecontenttask-vsgraphics.9880.write.2.tlog
c:\sim worlds simulation\sim-worlds-simulation\sw simulation\assets\debug\assets.tlog\imagecontenttask-vsgraphics.9960.read.1.tlog
c:\sim worlds simulation\sim-worlds-simulation\sw simulation\assets\debug\assets.tlog\imagecontenttask-vsgraphics.9960.read.2.tlog
c:\sim worlds simulation\sim-worlds-simulation\sw simulation\assets\debug\assets.tlog\imagecontenttask-vsgraphics.9960.write.1.tlog
c:\sim worlds simulation\sim-worlds-simulation\sw simulation\assets\debug\assets.tlog\imagecontenttask-vsgraphics.9960.write.2.tlog
c:\sim worlds simulation\sim-worlds-simulation\sw simulation\assets\debug\assets.tlog\imagecontenttask-vsgraphics.9976.read.1.tlog
c:\sim worlds simulation\sim-worlds-simulation\sw simulation\assets\debug\assets.tlog\imagecontenttask-vsgraphics.9976.read.2.tlog
c:\sim worlds simulation\sim-worlds-simulation\sw simulation\assets\debug\assets.tlog\imagecontenttask-vsgraphics.9976.write.1.tlog
c:\sim worlds simulation\sim-worlds-simulation\sw simulation\assets\debug\assets.tlog\imagecontenttask-vsgraphics.9976.write.2.tlog
c:\sim worlds simulation\sim-worlds-simulation\sw simulation\assets\debug\assets.tlog\imagecontenttask-vsgraphics.read.1.tlog
c:\sim worlds simulation\sim-worlds-simulation\sw simulation\assets\debug\assets.tlog\imagecontenttask-vsgraphics.read.2.tlog
c:\sim worlds simulation\sim-worlds-simulation\sw simulation\assets\debug\assets.tlog\imagecontenttask-vsgraphics.write.1.tlog
c:\sim worlds simulation\sim-worlds-simulation\sw simulation\assets\debug\assets.tlog\imagecontenttask-vsgraphics.write.2.tlog
c:\sim worlds simulation\sim-worlds-simulation\sw simulation\assets\debug\assets.tlog\meshcontenttask-vsgraphics.10036.read.1.tlog
c:\sim worlds simulation\sim-worlds-simulation\sw simulation\assets\debug\assets.tlog\meshcontenttask-vsgraphics.10036.read.2.tlog
c:\sim worlds simulation\sim-worlds-simulation\sw simulation\assets\debug\assets.tlog\meshcontenttask-vsgraphics.10036.write.1.tlog
c:\sim worlds simulation\sim-worlds-simulation\sw simulation\assets\debug\assets.tlog\meshcontenttask-vsgraphics.10036.write.2.tlog
c:\sim worlds simulation\sim-worlds-simulation\sw simulation\assets\debug\assets.tlog\meshcontenttask-vsgraphics.10384.read.1.tlog
c:\sim worlds simulation\sim-worlds-simulation\sw simulation\assets\debug\assets.tlog\meshcontenttask-vsgraphics.10384.read.2.tlog
c:\sim worlds simulation\sim-worlds-simulation\sw simulation\assets\debug\assets.tlog\meshcontenttask-vsgraphics.10384.write.1.tlog
c:\sim worlds simulation\sim-worlds-simulation\sw simulation\assets\debug\assets.tlog\meshcontenttask-vsgraphics.10384.write.2.tlog
c:\sim worlds simulation\sim-worlds-simulation\sw simulation\assets\debug\assets.tlog\meshcontenttask-vsgraphics.19196.read.1.tlog
c:\sim worlds simulation\sim-worlds-simulation\sw simulation\assets\debug\assets.tlog\meshcontenttask-vsgraphics.19196.read.2.tlog
c:\sim worlds simulation\sim-worlds-simulation\sw simulation\assets\debug\assets.tlog\meshcontenttask-vsgraphics.19196.write.1.tlog
c:\sim worlds simulation\sim-worlds-simulation\sw simulation\assets\debug\assets.tlog\meshcontenttask-vsgraphics.19196.write.2.tlog
c:\sim worlds simulation\sim-worlds-simulation\sw simulation\assets\debug\assets.tlog\meshcontenttask-vsgraphics.28900.read.1.tlog
c:\sim worlds simulation\sim-worlds-simulation\sw simulation\assets\debug\assets.tlog\meshcontenttask-vsgraphics.28900.read.2.tlog
c:\sim worlds simulation\sim-worlds-simulation\sw simulation\assets\debug\assets.tlog\meshcontenttask-vsgraphics.28900.write.1.tlog
c:\sim worlds simulation\sim-worlds-simulation\sw simulation\assets\debug\assets.tlog\meshcontenttask-vsgraphics.28900.write.2.tlog
c:\sim worlds simulation\sim-worlds-simulation\sw simulation\assets\debug\assets.tlog\meshcontenttask-vsgraphics.5148.read.1.tlog
c:\sim worlds simulation\sim-worlds-simulation\sw simulation\assets\debug\assets.tlog\meshcontenttask-vsgraphics.5148.read.2.tlog
c:\sim worlds simulation\sim-worlds-simulation\sw simulation\assets\debug\assets.tlog\meshcontenttask-vsgraphics.5148.write.1.tlog
c:\sim worlds simulation\sim-worlds-simulation\sw simulation\assets\debug\assets.tlog\meshcontenttask-vsgraphics.5148.write.2.tlog
c:\sim worlds simulation\sim-worlds-simulation\sw simulation\assets\debug\assets.tlog\meshcontenttask-vsgraphics.5508.read.1.tlog
c:\sim worlds simulation\sim-worlds-simulation\sw simulation\assets\debug\assets.tlog\meshcontenttask-vsgraphics.5508.read.2.tlog
c:\sim worlds simulation\sim-worlds-simulation\sw simulation\assets\debug\assets.tlog\meshcontenttask-vsgraphics.5508.write.1.tlog
c:\sim worlds simulation\sim-worlds-simulation\sw simulation\assets\debug\assets.tlog\meshcontenttask-vsgraphics.5508.write.2.tlog
c:\sim worlds simulation\sim-worlds-simulation\sw simulation\assets\debug\assets.tlog\meshcontenttask-vsgraphics.9192.read.1.tlog
c:\sim worlds simulation\sim-worlds-simulation\sw simulation\assets\debug\assets.tlog\meshcontenttask-vsgraphics.9192.read.2.tlog
c:\sim worlds simulation\sim-worlds-simulation\sw simulation\assets\debug\assets.tlog\meshcontenttask-vsgraphics.9192.write.1.tlog
c:\sim worlds simulation\sim-worlds-simulation\sw simulation\assets\debug\assets.tlog\meshcontenttask-vsgraphics.9192.write.2.tlog
c:\sim worlds simulation\sim-worlds-simulation\sw simulation\assets\debug\assets.tlog\meshcontenttask-vsgraphics.read.1.tlog
c:\sim worlds simulation\sim-worlds-simulation\sw simulation\assets\debug\assets.tlog\meshcontenttask-vsgraphics.read.2.tlog
c:\sim worlds simulation\sim-worlds-simulation\sw simulation\assets\debug\assets.tlog\meshcontenttask-vsgraphics.write.1.tlog
c:\sim worlds simulation\sim-worlds-simulation\sw simulation\assets\debug\assets.tlog\meshcontenttask-vsgraphics.write.2.tlog
